#
# There is insufficient memory for the Java Runtime Environment to continue.
# Native memory allocation (malloc) failed to allocate 131088 bytes for Chunk::new
# Possible reasons:
#   The system is out of physical RAM or swap space
#   The process is running with CompressedOops enabled, and the Java Heap may be blocking the growth of the native heap
# Possible solutions:
#   Reduce memory load on the system
#   Increase physical memory or swap space
#   Check if swap backing store is full
#   Decrease Java heap size (-Xmx/-Xms)
#   Decrease number of Java threads
#   Decrease Java thread stack sizes (-Xss)
#   Set larger code cache with -XX:ReservedCodeCacheSize=
#   JVM is running with Unscaled Compressed Oops mode in which the Java heap is
#     placed in the first 4GB address space. The Java Heap base address is the
#     maximum limit for the native heap growth. Please use -XX:HeapBaseMinAddress
#     to set the Java Heap base and to place the Java Heap above 4GB virtual address.
# This output file may be truncated or incomplete.
#
#  Out of Memory Error (allocation.cpp:389), pid=5456, tid=0x000000000000302c
#
# JRE version: Java(TM) SE Runtime Environment (8.0_211-b12) (build 1.8.0_211-b12)
# Java VM: Java HotSpot(TM) 64-Bit Server VM (25.211-b12 mixed mode windows-amd64 compressed oops)
# Failed to write core dump. Minidumps are not enabled by default on client versions of Windows
#

---------------  T H R E A D  ---------------

Current thread (0x0000000053321800):  JavaThread "C2 CompilerThread0" daemon [_thread_in_native, id=12332, stack(0x0000000054460000,0x0000000054560000)]

Stack: [0x0000000054460000,0x0000000054560000]
[error occurred during error reporting (printing stack bounds), id 0xc0000005]

Native frames: (J=compiled Java code, j=interpreted, Vv=VM code, C=native code)


Current CompileTask:
C2: 569253 8462       4       java.awt.Component::dispatchEventImpl (921 bytes)


---------------  P R O C E S S  ---------------

Java Threads: ( => current thread )
  0x0000000055a6e800 JavaThread "Timer-215" [_thread_blocked, id=14316, stack(0x000000005e520000,0x000000005e620000)]
  0x0000000055a78800 JavaThread "Timer-212" [_thread_blocked, id=15084, stack(0x0000000061170000,0x0000000061270000)]
  0x0000000055a74000 JavaThread "Timer-133" [_thread_blocked, id=15316, stack(0x000000005e2c0000,0x000000005e3c0000)]
  0x0000000055a76000 JavaThread "Timer-132" [_thread_blocked, id=2908, stack(0x000000005c520000,0x000000005c620000)]
  0x0000000055a6e000 JavaThread "Timer-30" [_thread_blocked, id=5616, stack(0x00000000602a0000,0x00000000603a0000)]
  0x0000000055a75800 JavaThread "DestroyJavaVM" [_thread_blocked, id=14056, stack(0x0000000002aa0000,0x0000000002ba0000)]
  0x0000000055a74800 JavaThread "Timer-7" [_thread_blocked, id=11896, stack(0x000000005e780000,0x000000005e880000)]
  0x0000000055a73000 JavaThread "Timer-5" [_thread_blocked, id=15040, stack(0x000000005e3c0000,0x000000005e4c0000)]
  0x0000000055a72800 JavaThread "Timer-4" [_thread_blocked, id=5612, stack(0x000000005df60000,0x000000005e060000)]
  0x0000000055a71800 JavaThread "Timer-3" [_thread_blocked, id=264, stack(0x000000005dd90000,0x000000005de90000)]
  0x0000000055a71000 JavaThread "OSMJobThread 1" daemon [_thread_blocked, id=1808, stack(0x000000005a1b0000,0x000000005a2b0000)]
  0x0000000055a70000 JavaThread "Timer-2" [_thread_blocked, id=14952, stack(0x000000005c9c0000,0x000000005cac0000)]
  0x0000000055a6f800 JavaThread "Timer-1" [_thread_blocked, id=14948, stack(0x000000005c850000,0x000000005c950000)]
  0x0000000055a6d000 JavaThread "Timer-0" [_thread_blocked, id=15400, stack(0x000000005c6f0000,0x000000005c7f0000)]
  0x0000000055a6c800 JavaThread "TimerQueue" daemon [_thread_blocked, id=12792, stack(0x000000005a2d0000,0x000000005a3d0000)]
  0x000000005590b800 JavaThread "D3D Screen Updater" daemon [_thread_blocked, id=13228, stack(0x0000000059a60000,0x0000000059b60000)]
  0x0000000055866800 JavaThread "AWT-EventQueue-0" [_thread_blocked, id=15956, stack(0x00000000594a0000,0x00000000595a0000)]
  0x00000000556ce800 JavaThread "FreeMind server daemon [C:\Users\iwabuchiken\.freemind\freemind.socket]" daemon [_thread_in_native, id=8736, stack(0x0000000058e60000,0x0000000058f60000)]
  0x0000000054ba0000 JavaThread "AWT-Windows" daemon [_thread_in_native, id=15240, stack(0x00000000550a0000,0x00000000551a0000)]
  0x0000000054b97800 JavaThread "AWT-Shutdown" [_thread_blocked, id=14312, stack(0x0000000054f30000,0x0000000055030000)]
  0x0000000054b96800 JavaThread "Java2D Disposer" daemon [_thread_blocked, id=5792, stack(0x0000000054cf0000,0x0000000054df0000)]
  0x0000000054810800 JavaThread "Service Thread" daemon [_thread_blocked, id=8388, stack(0x00000000540f0000,0x00000000541f0000)]
  0x0000000053329800 JavaThread "C1 CompilerThread1" daemon [_thread_blocked, id=8544, stack(0x00000000546f0000,0x00000000547f0000)]
=>0x0000000053321800 JavaThread "C2 CompilerThread0" daemon [_thread_in_native, id=12332, stack(0x0000000054460000,0x0000000054560000)]
  0x000000005331e000 JavaThread "Attach Listener" daemon [_thread_blocked, id=15988, stack(0x0000000054310000,0x0000000054410000)]
  0x000000005331d000 JavaThread "Signal Dispatcher" daemon [_thread_blocked, id=7164, stack(0x0000000054200000,0x0000000054300000)]
  0x00000000532f3800 JavaThread "Finalizer" daemon [_thread_blocked, id=15236, stack(0x0000000053cd0000,0x0000000053dd0000)]
  0x00000000532ab800 JavaThread "Reference Handler" daemon [_thread_blocked, id=14968, stack(0x0000000053fc0000,0x00000000540c0000)]

Other Threads:
  0x00000000532a2000 VMThread [stack: 0x0000000053de0000,0x0000000053ee0000] [id=14840]
  0x0000000054853800 WatcherThread [stack: 0x0000000054560000,0x0000000054660000] [id=1680]

VM state:not at safepoint (normal execution)

VM Mutex/Monitor currently owned by a thread: None

heap address: 0x00000000f0000000, size: 256 MB, Compressed Oops mode: 32-bit
Narrow klass base: 0x0000000000000000, Narrow klass shift: 0
Compressed class space size: 1073741824 Address: 0x0000000012970000

Heap:
 PSYoungGen      total 65536K, used 15438K [0x00000000fab00000, 0x0000000100000000, 0x0000000100000000)
  eden space 45056K, 7% used [0x00000000fab00000,0x00000000fae80890,0x00000000fd700000)
  from space 20480K, 57% used [0x00000000fec00000,0x00000000ff793150,0x0000000100000000)
  to   space 20992K, 0% used [0x00000000fd700000,0x00000000fd700000,0x00000000feb80000)
 ParOldGen       total 175104K, used 42315K [0x00000000f0000000, 0x00000000fab00000, 0x00000000fab00000)
  object space 175104K, 24% used [0x00000000f0000000,0x00000000f2952fb8,0x00000000fab00000)
 Metaspace       used 29087K, capacity 29730K, committed 30080K, reserved 1075200K
  class space    used 3706K, capacity 3852K, committed 3968K, reserved 1048576K

Card table byte_map: [0x0000000002540000,0x00000000025d0000] byte_map_base: 0x0000000001dc0000

Marking Bits: (ParMarkBitMap*) 0x0000000057e75ce0
 Begin Bits: [0x0000000012170000, 0x0000000012570000)
 End Bits:   [0x0000000012570000, 0x0000000012970000)

Polling page: 0x00000000004d0000

CodeCache: size=245760Kb used=22178Kb max_used=22202Kb free=223581Kb
 bounds [0x0000000002ba0000, 0x0000000004180000, 0x0000000011ba0000]
 total_blobs=7009 nmethods=6409 adapters=510
 compilation: enabled

Compilation events (10 events):
Event: 562.093 Thread 0x0000000053329800 nmethod 8457 0x000000000415bd90 code [0x000000000415bf00, 0x000000000415c308]
Event: 565.611 Thread 0x0000000053321800 8458       4       javax.swing.text.AbstractWriter::writeLineSeparator (60 bytes)
Event: 565.621 Thread 0x0000000053321800 nmethod 8458 0x0000000004163f50 code [0x00000000041640c0, 0x0000000004164468]
Event: 566.033 Thread 0x0000000053321800 8459       4       javax.swing.text.html.BlockView::paint (41 bytes)
Event: 566.036 Thread 0x0000000053321800 nmethod 8459 0x000000000341c190 code [0x000000000341c2e0, 0x000000000341c418]
Event: 566.051 Thread 0x0000000053321800 8460       4       freemind.view.mindmapview.NodeView::getLinkPoint (268 bytes)
Event: 566.074 Thread 0x0000000053321800 nmethod 8460 0x0000000003248990 code [0x0000000003248b80, 0x0000000003249308]
Event: 568.214 Thread 0x0000000053321800 8461       4       javax.swing.JMenuBar::getSubElements (96 bytes)
Event: 568.238 Thread 0x0000000053321800 nmethod 8461 0x000000000416f610 code [0x000000000416f7a0, 0x0000000004170028]
Event: 568.537 Thread 0x0000000053321800 8462       4       java.awt.Component::dispatchEventImpl (921 bytes)

GC Heap History (10 events):
Event: 492.221 GC heap before
{Heap before GC invocations=43 (full 1):
 PSYoungGen      total 69632K, used 69358K [0x00000000fab00000, 0x0000000100000000, 0x0000000100000000)
  eden space 57344K, 100% used [0x00000000fab00000,0x00000000fe300000,0x00000000fe300000)
  from space 12288K, 97% used [0x00000000fe300000,0x00000000feebb8c8,0x00000000fef00000)
  to   space 16384K, 0% used [0x00000000ff000000,0x00000000ff000000,0x0000000100000000)
 ParOldGen       total 175104K, used 42067K [0x00000000f0000000, 0x00000000fab00000, 0x00000000fab00000)
  object space 175104K, 24% used [0x00000000f0000000,0x00000000f2914fa8,0x00000000fab00000)
 Metaspace       used 28748K, capacity 29314K, committed 29440K, reserved 1075200K
  class space    used 3668K, capacity 3820K, committed 3840K, reserved 1048576K
Event: 492.230 GC heap after
Heap after GC invocations=43 (full 1):
 PSYoungGen      total 67584K, used 12119K [0x00000000fab00000, 0x0000000100000000, 0x0000000100000000)
  eden space 51200K, 0% used [0x00000000fab00000,0x00000000fab00000,0x00000000fdd00000)
  from space 16384K, 73% used [0x00000000ff000000,0x00000000ffbd5c60,0x0000000100000000)
  to   space 17920K, 0% used [0x00000000fdd00000,0x00000000fdd00000,0x00000000fee80000)
 ParOldGen       total 175104K, used 42147K [0x00000000f0000000, 0x00000000fab00000, 0x00000000fab00000)
  object space 175104K, 24% used [0x00000000f0000000,0x00000000f2928fa8,0x00000000fab00000)
 Metaspace       used 28748K, capacity 29314K, committed 29440K, reserved 1075200K
  class space    used 3668K, capacity 3820K, committed 3840K, reserved 1048576K
}
Event: 499.874 GC heap before
{Heap before GC invocations=44 (full 1):
 PSYoungGen      total 67584K, used 63319K [0x00000000fab00000, 0x0000000100000000, 0x0000000100000000)
  eden space 51200K, 100% used [0x00000000fab00000,0x00000000fdd00000,0x00000000fdd00000)
  from space 16384K, 73% used [0x00000000ff000000,0x00000000ffbd5c60,0x0000000100000000)
  to   space 17920K, 0% used [0x00000000fdd00000,0x00000000fdd00000,0x00000000fee80000)
 ParOldGen       total 175104K, used 42147K [0x00000000f0000000, 0x00000000fab00000, 0x00000000fab00000)
  object space 175104K, 24% used [0x00000000f0000000,0x00000000f2928fa8,0x00000000fab00000)
 Metaspace       used 28792K, capacity 29378K, committed 29696K, reserved 1075200K
  class space    used 3671K, capacity 3820K, committed 3840K, reserved 1048576K
Event: 499.883 GC heap after
Heap after GC invocations=44 (full 1):
 PSYoungGen      total 62976K, used 11978K [0x00000000fab00000, 0x0000000100000000, 0x0000000100000000)
  eden space 50688K, 0% used [0x00000000fab00000,0x00000000fab00000,0x00000000fdc80000)
  from space 12288K, 97% used [0x00000000fdd00000,0x00000000fe8b2a70,0x00000000fe900000)
  to   space 18944K, 0% used [0x00000000fed80000,0x00000000fed80000,0x0000000100000000)
 ParOldGen       total 175104K, used 42163K [0x00000000f0000000, 0x00000000fab00000, 0x00000000fab00000)
  object space 175104K, 24% used [0x00000000f0000000,0x00000000f292cfa8,0x00000000fab00000)
 Metaspace       used 28792K, capacity 29378K, committed 29696K, reserved 1075200K
  class space    used 3671K, capacity 3820K, committed 3840K, reserved 1048576K
}
Event: 524.407 GC heap before
{Heap before GC invocations=45 (full 1):
 PSYoungGen      total 62976K, used 62666K [0x00000000fab00000, 0x0000000100000000, 0x0000000100000000)
  eden space 50688K, 100% used [0x00000000fab00000,0x00000000fdc80000,0x00000000fdc80000)
  from space 12288K, 97% used [0x00000000fdd00000,0x00000000fe8b2a70,0x00000000fe900000)
  to   space 18944K, 0% used [0x00000000fed80000,0x00000000fed80000,0x0000000100000000)
 ParOldGen       total 175104K, used 42163K [0x00000000f0000000, 0x00000000fab00000, 0x00000000fab00000)
  object space 175104K, 24% used [0x00000000f0000000,0x00000000f292cfa8,0x00000000fab00000)
 Metaspace       used 28829K, capacity 29378K, committed 29696K, reserved 1075200K
  class space    used 3671K, capacity 3820K, committed 3840K, reserved 1048576K
Event: 524.421 GC heap after
Heap after GC invocations=45 (full 1):
 PSYoungGen      total 66048K, used 12272K [0x00000000fab00000, 0x0000000100000000, 0x0000000100000000)
  eden space 47104K, 0% used [0x00000000fab00000,0x00000000fab00000,0x00000000fd900000)
  from space 18944K, 64% used [0x00000000fed80000,0x00000000ff97c2c8,0x0000000100000000)
  to   space 19968K, 0% used [0x00000000fd900000,0x00000000fd900000,0x00000000fec80000)
 ParOldGen       total 175104K, used 42195K [0x00000000f0000000, 0x00000000fab00000, 0x00000000fab00000)
  object space 175104K, 24% used [0x00000000f0000000,0x00000000f2934fb8,0x00000000fab00000)
 Metaspace       used 28829K, capacity 29378K, committed 29696K, reserved 1075200K
  class space    used 3671K, capacity 3820K, committed 3840K, reserved 1048576K
}
Event: 536.244 GC heap before
{Heap before GC invocations=46 (full 1):
 PSYoungGen      total 66048K, used 58194K [0x00000000fab00000, 0x0000000100000000, 0x0000000100000000)
  eden space 47104K, 97% used [0x00000000fab00000,0x00000000fd7d8928,0x00000000fd900000)
  from space 18944K, 64% used [0x00000000fed80000,0x00000000ff97c2c8,0x0000000100000000)
  to   space 19968K, 0% used [0x00000000fd900000,0x00000000fd900000,0x00000000fec80000)
 ParOldGen       total 175104K, used 42195K [0x00000000f0000000, 0x00000000fab00000, 0x00000000fab00000)
  object space 175104K, 24% used [0x00000000f0000000,0x00000000f2934fb8,0x00000000fab00000)
 Metaspace       used 29045K, capacity 29602K, committed 29824K, reserved 1075200K
  class space    used 3706K, capacity 3852K, committed 3968K, reserved 1048576K
Event: 536.256 GC heap after
Heap after GC invocations=46 (full 1):
 PSYoungGen      total 58880K, used 12141K [0x00000000fab00000, 0x0000000100000000, 0x0000000100000000)
  eden space 46592K, 0% used [0x00000000fab00000,0x00000000fab00000,0x00000000fd880000)
  from space 12288K, 98% used [0x00000000fd900000,0x00000000fe4db518,0x00000000fe500000)
  to   space 20480K, 0% used [0x00000000fec00000,0x00000000fec00000,0x0000000100000000)
 ParOldGen       total 175104K, used 42219K [0x00000000f0000000, 0x00000000fab00000, 0x00000000fab00000)
  object space 175104K, 24% used [0x00000000f0000000,0x00000000f293afb8,0x00000000fab00000)
 Metaspace       used 29045K, capacity 29602K, committed 29824K, reserved 1075200K
  class space    used 3706K, capacity 3852K, committed 3968K, reserved 1048576K
}
Event: 562.082 GC heap before
{Heap before GC invocations=47 (full 1):
 PSYoungGen      total 58880K, used 58733K [0x00000000fab00000, 0x0000000100000000, 0x0000000100000000)
  eden space 46592K, 100% used [0x00000000fab00000,0x00000000fd880000,0x00000000fd880000)
  from space 12288K, 98% used [0x00000000fd900000,0x00000000fe4db518,0x00000000fe500000)
  to   space 20480K, 0% used [0x00000000fec00000,0x00000000fec00000,0x0000000100000000)
 ParOldGen       total 175104K, used 42219K [0x00000000f0000000, 0x00000000fab00000, 0x00000000fab00000)
  object space 175104K, 24% used [0x00000000f0000000,0x00000000f293afb8,0x00000000fab00000)
 Metaspace       used 29086K, capacity 29730K, committed 30080K, reserved 1075200K
  class space    used 3706K, capacity 3852K, committed 3968K, reserved 1048576K
Event: 562.092 GC heap after
Heap after GC invocations=47 (full 1):
 PSYoungGen      total 65536K, used 11852K [0x00000000fab00000, 0x0000000100000000, 0x0000000100000000)
  eden space 45056K, 0% used [0x00000000fab00000,0x00000000fab00000,0x00000000fd700000)
  from space 20480K, 57% used [0x00000000fec00000,0x00000000ff793150,0x0000000100000000)
  to   space 20992K, 0% used [0x00000000fd700000,0x00000000fd700000,0x00000000feb80000)
 ParOldGen       total 175104K, used 42315K [0x00000000f0000000, 0x00000000fab00000, 0x00000000fab00000)
  object space 175104K, 24% used [0x00000000f0000000,0x00000000f2952fb8,0x00000000fab00000)
 Metaspace       used 29086K, capacity 29730K, committed 30080K, reserved 1075200K
  class space    used 3706K, capacity 3852K, committed 3968K, reserved 1048576K
}

Deoptimization events (10 events):
Event: 532.334 Thread 0x0000000055866800 Uncommon trap: reason=unstable_if action=reinterpret pc=0x00000000036445dc method=javax.swing.SwingUtilities.layoutCompoundLabelImpl(Ljavax/swing/JComponent;Ljava/awt/FontMetrics;Ljava/lang/String;Ljavax/swing/Icon;IIIILjava/awt/Rectangle;Ljava/awt/Rectan
Event: 532.335 Thread 0x0000000055866800 Uncommon trap: reason=unstable_if action=reinterpret pc=0x0000000003f51cb4 method=javax.swing.plaf.basic.BasicLabelUI.paint(Ljava/awt/Graphics;Ljavax/swing/JComponent;)V @ 96
Event: 532.337 Thread 0x0000000055866800 Uncommon trap: reason=class_check action=maybe_recompile pc=0x0000000003cc4e9c method=sun.awt.GlobalCursorManager._updateCursor(Z)V @ 47
Event: 532.337 Thread 0x0000000055866800 Uncommon trap: reason=class_check action=maybe_recompile pc=0x0000000003cc4e9c method=sun.awt.GlobalCursorManager._updateCursor(Z)V @ 47
Event: 532.353 Thread 0x0000000055866800 Uncommon trap: reason=unstable_if action=reinterpret pc=0x00000000040151dc method=javax.swing.plaf.basic.BasicButtonUI.paint(Ljava/awt/Graphics;Ljavax/swing/JComponent;)V @ 142
Event: 536.329 Thread 0x0000000055866800 Uncommon trap: reason=unstable_if action=reinterpret pc=0x0000000003067da8 method=java.awt.Font.equals(Ljava/lang/Object;)Z @ 97
Event: 557.458 Thread 0x0000000055866800 Uncommon trap: reason=speculate_class_check action=maybe_recompile pc=0x0000000004115560 method=java.awt.Component.dispatchEventImpl(Ljava/awt/AWTEvent;)V @ 506
Event: 557.643 Thread 0x0000000055866800 Uncommon trap: reason=speculate_class_check action=maybe_recompile pc=0x0000000004115560 method=java.awt.Component.dispatchEventImpl(Ljava/awt/AWTEvent;)V @ 506
Event: 557.748 Thread 0x0000000055866800 Uncommon trap: reason=speculate_class_check action=maybe_recompile pc=0x0000000004115560 method=java.awt.Component.dispatchEventImpl(Ljava/awt/AWTEvent;)V @ 506
Event: 558.531 Thread 0x0000000055866800 Uncommon trap: reason=speculate_class_check action=maybe_recompile pc=0x0000000004115560 method=java.awt.Component.dispatchEventImpl(Ljava/awt/AWTEvent;)V @ 506

Classes redefined (0 events):
No events

Internal exceptions (10 events):
Event: 426.560 Thread 0x0000000055866800 Exception <a 'java/io/IOException'> (0x00000000fc2ad5a0) thrown at [C:\re\workspace\8-2-build-windows-amd64-cygwin\jdk8u211\12973\hotspot\src\share\vm\prims\jni.cpp, line 710]
Event: 426.560 Thread 0x0000000055866800 Exception <a 'java/io/IOException'> (0x00000000fc2ada30) thrown at [C:\re\workspace\8-2-build-windows-amd64-cygwin\jdk8u211\12973\hotspot\src\share\vm\prims\jni.cpp, line 710]
Event: 457.411 Thread 0x0000000055866800 Exception <a 'java/io/IOException'> (0x00000000fcf66308) thrown at [C:\re\workspace\8-2-build-windows-amd64-cygwin\jdk8u211\12973\hotspot\src\share\vm\prims\jni.cpp, line 710]
Event: 457.413 Thread 0x0000000055866800 Exception <a 'java/io/IOException'> (0x00000000fcf6c540) thrown at [C:\re\workspace\8-2-build-windows-amd64-cygwin\jdk8u211\12973\hotspot\src\share\vm\prims\jni.cpp, line 710]
Event: 472.452 Thread 0x0000000055866800 Exception <a 'java/io/IOException'> (0x00000000fdf67550) thrown at [C:\re\workspace\8-2-build-windows-amd64-cygwin\jdk8u211\12973\hotspot\src\share\vm\prims\jni.cpp, line 710]
Event: 472.452 Thread 0x0000000055866800 Exception <a 'java/io/IOException'> (0x00000000fdf679e0) thrown at [C:\re\workspace\8-2-build-windows-amd64-cygwin\jdk8u211\12973\hotspot\src\share\vm\prims\jni.cpp, line 710]
Event: 498.041 Thread 0x0000000055866800 Exception <a 'java/io/IOException'> (0x00000000fbd6a808) thrown at [C:\re\workspace\8-2-build-windows-amd64-cygwin\jdk8u211\12973\hotspot\src\share\vm\prims\jni.cpp, line 710]
Event: 498.065 Thread 0x0000000055866800 Exception <a 'java/io/IOException'> (0x00000000fbd71080) thrown at [C:\re\workspace\8-2-build-windows-amd64-cygwin\jdk8u211\12973\hotspot\src\share\vm\prims\jni.cpp, line 710]
Event: 498.067 Thread 0x0000000055866800 Exception <a 'java/io/IOException'> (0x00000000fbd7a248) thrown at [C:\re\workspace\8-2-build-windows-amd64-cygwin\jdk8u211\12973\hotspot\src\share\vm\prims\jni.cpp, line 710]
Event: 532.124 Thread 0x0000000055866800 Implicit null exception at 0x0000000003ae2e10 to 0x0000000003ae2e56

Events (10 events):
Event: 567.608 Thread 0x000000005a485000 Thread exited: 0x000000005a485000
Event: 567.608 Thread 0x000000005a484000 Thread added: 0x000000005a484000
Event: 567.624 Thread 0x000000005a485000 Thread added: 0x000000005a485000
Event: 567.624 Thread 0x000000005a484000 Thread exited: 0x000000005a484000
Event: 567.648 Thread 0x000000005a485000 Thread exited: 0x000000005a485000
Event: 567.648 Thread 0x000000005a484000 Thread added: 0x000000005a484000
Event: 568.238 Thread 0x0000000053321800 flushing nmethod 0x000000000374b550
Event: 568.238 Thread 0x0000000053321800 flushing nmethod 0x0000000003755050
Event: 568.239 Thread 0x0000000053321800 flushing nmethod 0x000000000382f950
Event: 568.271 Thread 0x000000005a484000 Thread exited: 0x000000005a484000


Dynamic libraries:
0x000000013f150000 - 0x000000013f187000 	C:\Program Files\Java\jre1.8.0_211\bin\javaw.exe
0x0000000077b40000 - 0x0000000077cdf000 	C:\Windows\SYSTEM32\ntdll.dll
0x0000000077920000 - 0x0000000077a3f000 	C:\Windows\system32\kernel32.dll
0x000007fefd8d0000 - 0x000007fefd937000 	C:\Windows\system32\KERNELBASE.dll
0x0000000057f00000 - 0x0000000058230000 	C:\Program Files\Norton Security\NortonData\22.17.0.183\Definitions\IPSDefs\20220622.061\IPSEng64.dll
0x000007fefda70000 - 0x000007fefdb4b000 	C:\Windows\system32\ADVAPI32.dll
0x000007fefe920000 - 0x000007fefe9bf000 	C:\Windows\system32\msvcrt.dll
0x000007fefda50000 - 0x000007fefda6f000 	C:\Windows\SYSTEM32\sechost.dll
0x000007fefe0a0000 - 0x000007fefe1cc000 	C:\Windows\system32\RPCRT4.dll
0x0000000077cf0000 - 0x0000000077cf7000 	C:\Windows\system32\PSAPI.DLL
0x0000000077a40000 - 0x0000000077b3b000 	C:\Windows\system32\USER32.dll
0x000007fefe8b0000 - 0x000007fefe917000 	C:\Windows\system32\GDI32.dll
0x000007feffc40000 - 0x000007feffc4e000 	C:\Windows\system32\LPK.dll
0x000007fefdfd0000 - 0x000007fefe09b000 	C:\Windows\system32\USP10.dll
0x000007fefc1c0000 - 0x000007fefc3b5000 	C:\Windows\WinSxS\amd64_microsoft.windows.common-controls_6595b64144ccf1df_6.0.7601.24483_none_e372d88f30fbb845\COMCTL32.dll
0x000007fefe7b0000 - 0x000007fefe821000 	C:\Windows\system32\SHLWAPI.dll
0x000007fefa5a0000 - 0x000007fefa5a3000 	C:\Windows\system32\api-ms-win-core-synch-l1-2-0.DLL
0x000007fefdbf0000 - 0x000007fefdc1e000 	C:\Windows\system32\IMM32.DLL
0x000007fefed00000 - 0x000007fefee0b000 	C:\Windows\system32\MSCTF.dll
0x0000000067f50000 - 0x0000000068022000 	C:\Program Files\Java\jre1.8.0_211\bin\msvcr100.dll
0x0000000057650000 - 0x0000000057ef5000 	C:\Program Files\Java\jre1.8.0_211\bin\server\jvm.dll
0x000007fefa5c0000 - 0x000007fefa5c9000 	C:\Windows\system32\WSOCK32.dll
0x000007fefe760000 - 0x000007fefe7ad000 	C:\Windows\system32\WS2_32.dll
0x000007fefe9c0000 - 0x000007fefe9c8000 	C:\Windows\system32\NSI.dll
0x000007fef97c0000 - 0x000007fef97fb000 	C:\Windows\system32\WINMM.dll
0x000007fefc720000 - 0x000007fefc72c000 	C:\Windows\system32\VERSION.dll
0x000007fef9bb0000 - 0x000007fef9bbf000 	C:\Program Files\Java\jre1.8.0_211\bin\verify.dll
0x000007fef9320000 - 0x000007fef9349000 	C:\Program Files\Java\jre1.8.0_211\bin\java.dll
0x000007fef9b60000 - 0x000007fef9b76000 	C:\Program Files\Java\jre1.8.0_211\bin\zip.dll
0x000007fefeeb0000 - 0x000007feffc3b000 	C:\Windows\system32\SHELL32.dll
0x000007fefdc20000 - 0x000007fefde1f000 	C:\Windows\system32\ole32.dll
0x000007fefd6a0000 - 0x000007fefd6af000 	C:\Windows\system32\profapi.dll
0x000007feedab0000 - 0x000007feedc49000 	C:\Program Files\Java\jre1.8.0_211\bin\awt.dll
0x000007fefe1d0000 - 0x000007fefe2ab000 	C:\Windows\system32\OLEAUT32.dll
0x000007fefbe40000 - 0x000007fefbe96000 	C:\Windows\system32\uxtheme.dll
0x000007fefd490000 - 0x000007fefd4e7000 	C:\Windows\system32\apphelp.dll
0x000007fefa3b0000 - 0x000007fefa41c000 	C:\Windows\system32\BAIDUJP20.IME
0x000007fefda30000 - 0x000007fefda4f000 	C:\Windows\system32\USERENV.dll
0x000007fefc410000 - 0x000007fefc421000 	C:\Windows\system32\WTSAPI32.dll
0x000007fefc3c0000 - 0x000007fefc3d8000 	C:\Windows\system32\dwmapi.dll
0x000007fefd4f0000 - 0x000007fefd4ff000 	C:\Windows\system32\CRYPTBASE.dll
0x000007fef7430000 - 0x000007fef754d000 	C:\Windows\system32\opengl32.dll
0x000007fef7400000 - 0x000007fef742d000 	C:\Windows\system32\GLU32.dll
0x000007fef7300000 - 0x000007fef73f1000 	C:\Windows\system32\DDRAW.dll
0x000007fef9bc0000 - 0x000007fef9bc8000 	C:\Windows\system32\DCIMAN32.dll
0x000007feffc50000 - 0x000007feffe27000 	C:\Windows\system32\SETUPAPI.dll
0x000007fefd9f0000 - 0x000007fefda26000 	C:\Windows\system32\CFGMGR32.dll
0x000007fefd8b0000 - 0x000007fefd8ca000 	C:\Windows\system32\DEVOBJ.dll
0x000007fefa8b0000 - 0x000007fefaaaf000 	C:\Windows\system32\d3d9.dll
0x000007fefab70000 - 0x000007fefab77000 	C:\Windows\system32\d3d8thk.dll
0x000007fef86b0000 - 0x000007fef8812000 	C:\Windows\system32\aticfx64.dll
0x000007fee21c0000 - 0x000007fee21e1000 	C:\Windows\system32\atiu9p64.dll
0x000007fee1960000 - 0x000007fee21ba000 	C:\Windows\system32\atiumd64.dll
0x00000000695d0000 - 0x0000000069e56000 	C:\Windows\system32\atiumd6a.dll
0x000007fefc3e0000 - 0x000007fefc40c000 	C:\Windows\system32\POWRPROF.dll
0x000007fef8c80000 - 0x000007fef8c9a000 	C:\Program Files\Java\jre1.8.0_211\bin\net.dll
0x000007fefde20000 - 0x000007fefdfaa000 	C:\Windows\system32\urlmon.dll
0x000007fefd850000 - 0x000007fefd854000 	C:\Windows\system32\api-ms-win-downlevel-ole32-l1-1-0.dll
0x000007fefd830000 - 0x000007fefd834000 	C:\Windows\system32\api-ms-win-downlevel-shlwapi-l1-1-0.dll
0x000007fefd840000 - 0x000007fefd845000 	C:\Windows\system32\api-ms-win-downlevel-advapi32-l1-1-0.dll
0x000007fefd9e0000 - 0x000007fefd9e4000 	C:\Windows\system32\api-ms-win-downlevel-user32-l1-1-0.dll
0x000007fefd6b0000 - 0x000007fefd6b4000 	C:\Windows\system32\api-ms-win-downlevel-version-l1-1-0.dll
0x000007fefd860000 - 0x000007fefd863000 	C:\Windows\system32\api-ms-win-downlevel-normaliz-l1-1-0.dll
0x0000000077ce0000 - 0x0000000077ce3000 	C:\Windows\system32\normaliz.DLL
0x000007fefe9d0000 - 0x000007fefec9c000 	C:\Windows\system32\iertutil.dll
0x000007fefe2b0000 - 0x000007fefe75c000 	C:\Windows\system32\WININET.dll
0x000007fefcdd0000 - 0x000007fefce25000 	C:\Windows\system32\mswsock.dll
0x000007fefcdc0000 - 0x000007fefcdc7000 	C:\Windows\System32\wship6.dll
0x000007fef8ce0000 - 0x000007fef8cf2000 	C:\Program Files\Java\jre1.8.0_211\bin\nio.dll
0x000007fef4e20000 - 0x000007fef4e69000 	C:\Program Files\Java\jre1.8.0_211\bin\fontmanager.dll
0x000007fefdb50000 - 0x000007fefdbe9000 	C:\Windows\system32\CLBCatQ.DLL
0x000007fef43a0000 - 0x000007fef4418000 	C:\Program Files (x86)\Baidu\IME\3.6.1.7\x64\baidujptip.dll
0x000007fef8bd0000 - 0x000007fef8c7f000 	C:\Program Files (x86)\Baidu\IME\3.6.1.7\x64\BaiduFrontEnd.dll
0x000007feef4b0000 - 0x000007feef4f2000 	C:\Program Files\Java\jre1.8.0_211\bin\t2k.dll
0x000007fefb400000 - 0x000007fefb561000 	C:\Windows\system32\WindowsCodecs.dll
0x000007fed5410000 - 0x000007fed551c000 	C:\Program Files\Norton Security\Engine\22.22.4.11\buShell.dll
0x000007fefbb50000 - 0x000007fefbd69000 	C:\Windows\WinSxS\amd64_microsoft.windows.gdiplus_6595b64144ccf1df_1.1.7601.24542_none_1459e0f08b91b367\gdiplus.dll
0x000007fef69d0000 - 0x000007fef6abc000 	C:\Program Files\Norton Security\Engine\22.22.4.11\ucrtbase.dll
0x000007fef69c0000 - 0x000007fef69c3000 	C:\Program Files\Norton Security\Engine\22.22.4.11\api-ms-win-core-timezone-l1-1-0.dll
0x000007fef69b0000 - 0x000007fef69b3000 	C:\Program Files\Norton Security\Engine\22.22.4.11\api-ms-win-core-file-l2-1-0.dll
0x000007fef69a0000 - 0x000007fef69a3000 	C:\Program Files\Norton Security\Engine\22.22.4.11\api-ms-win-core-localization-l1-2-0.dll
0x000007fef6980000 - 0x000007fef6983000 	C:\Program Files\Norton Security\Engine\22.22.4.11\api-ms-win-core-processthreads-l1-1-1.dll
0x000007fef6920000 - 0x000007fef6923000 	C:\Program Files\Norton Security\Engine\22.22.4.11\api-ms-win-core-file-l1-2-0.dll
0x000007fef65b0000 - 0x000007fef6624000 	C:\Program Files\Norton Security\Engine\22.22.4.11\EFACli64.dll
0x000007fef6ae0000 - 0x000007fef6b86000 	C:\Program Files\Norton Security\Engine\22.22.4.11\MSVCP140.dll
0x000007fef6ac0000 - 0x000007fef6ad6000 	C:\Program Files\Norton Security\Engine\22.22.4.11\VCRUNTIME140.dll
0x000007fef8cc0000 - 0x000007fef8cc4000 	C:\Program Files\Norton Security\Engine\22.22.4.11\api-ms-win-crt-runtime-l1-1-0.dll
0x000007fef6910000 - 0x000007fef6914000 	C:\Program Files\Norton Security\Engine\22.22.4.11\api-ms-win-crt-string-l1-1-0.dll
0x000007fef6900000 - 0x000007fef6903000 	C:\Program Files\Norton Security\Engine\22.22.4.11\api-ms-win-crt-heap-l1-1-0.dll
0x000007fef68f0000 - 0x000007fef68f4000 	C:\Program Files\Norton Security\Engine\22.22.4.11\api-ms-win-crt-stdio-l1-1-0.dll
0x000007fef68e0000 - 0x000007fef68e4000 	C:\Program Files\Norton Security\Engine\22.22.4.11\api-ms-win-crt-convert-l1-1-0.dll
0x000007fef68d0000 - 0x000007fef68d3000 	C:\Program Files\Norton Security\Engine\22.22.4.11\api-ms-win-crt-locale-l1-1-0.dll
0x000007fef68c0000 - 0x000007fef68c5000 	C:\Program Files\Norton Security\Engine\22.22.4.11\api-ms-win-crt-math-l1-1-0.dll
0x000007fef68b0000 - 0x000007fef68b5000 	C:\Program Files\Norton Security\Engine\22.22.4.11\api-ms-win-crt-multibyte-l1-1-0.dll
0x000007fef68a0000 - 0x000007fef68a3000 	C:\Program Files\Norton Security\Engine\22.22.4.11\api-ms-win-crt-time-l1-1-0.dll
0x000007fef6890000 - 0x000007fef6893000 	C:\Program Files\Norton Security\Engine\22.22.4.11\api-ms-win-crt-filesystem-l1-1-0.dll
0x000007fef6880000 - 0x000007fef6883000 	C:\Program Files\Norton Security\Engine\22.22.4.11\api-ms-win-crt-environment-l1-1-0.dll
0x000007fef6870000 - 0x000007fef6873000 	C:\Program Files\Norton Security\Engine\22.22.4.11\api-ms-win-crt-utility-l1-1-0.dll
0x000007fefa5d0000 - 0x000007fefa605000 	C:\Windows\system32\EhStorShell.dll
0x000007fefbea0000 - 0x000007fefbfcc000 	C:\Windows\system32\PROPSYS.dll
0x000007fef8af0000 - 0x000007fef8b70000 	C:\Windows\system32\ntshrui.dll
0x000007fefd120000 - 0x000007fefd143000 	C:\Windows\system32\srvcli.dll
0x000007fefa6c0000 - 0x000007fefa6cf000 	C:\Windows\system32\cscapi.dll
0x000007fefb570000 - 0x000007fefb57b000 	C:\Windows\system32\slc.dll
0x000007fefa5b0000 - 0x000007fefa5b8000 	C:\Windows\system32\IconCodecService.dll
0x000007fef5100000 - 0x000007fef512a000 	C:\Program Files\Java\jre1.8.0_211\bin\dcpr.dll
0x000007fefce30000 - 0x000007fefce48000 	C:\Windows\system32\CRYPTSP.dll
0x000007fefcb30000 - 0x000007fefcb77000 	C:\Windows\system32\rsaenh.dll
0x000007fefb050000 - 0x000007fefb077000 	C:\Windows\system32\IPHLPAPI.DLL
0x000007fefb040000 - 0x000007fefb04b000 	C:\Windows\system32\WINNSI.DLL
0x000007fefaed0000 - 0x000007fefaee1000 	C:\Windows\system32\dhcpcsvc6.DLL
0x000007fefae50000 - 0x000007fefae68000 	C:\Windows\system32\dhcpcsvc.DLL
0x000007fefb7f0000 - 0x000007fefb81d000 	C:\Windows\system32\ntmarta.dll
0x000007fefeca0000 - 0x000007fefecf2000 	C:\Windows\system32\WLDAP32.dll
0x000007fefd290000 - 0x000007fefd29b000 	C:\Windows\system32\Secur32.dll
0x000007fefd450000 - 0x000007fefd475000 	C:\Windows\system32\SSPICLI.DLL
0x000007fefa250000 - 0x000007fefa254000 	C:\Windows\system32\api-ms-win-downlevel-advapi32-l2-1-0.dll
0x000007fee9e10000 - 0x000007fee9eb0000 	C:\Windows\WinSxS\amd64_microsoft.windows.common-controls_6595b64144ccf1df_5.82.7601.18837_none_a4d981ff711297b6\comctl32.dll

VM Arguments:
jvm_args: -Xms256m -Xmx256m 
java_command: C:\WORKS_2\Programs\FreeMind_1.0.1\lib\freemind.jar
java_class_path (initial): C:\WORKS_2\Programs\FreeMind_1.0.1\lib\freemind.jar
Launcher Type: SUN_STANDARD

Environment Variables:
PATH=C:\WORKS_2\Programs\Python\Python_3.5.1;C:\WORKS_2\Programs\Java\jdk1.8.0_144\bin;C:\Program Files (x86)\Common Files\Oracle\Java\javapath;C:\ProgramData\Oracle\Java\javapath;C:\Program Files\Common Files\Microsoft Shared\Windows Live;C:\Program Files (x86)\Common Files\Microsoft Shared\Windows Live;C:\Windows\system32;C:\Windows;C:\Windows\System32\Wbem;C:\Windows\System32\WindowsPowerShell\v1.0\;C:\Program Files (x86)\Windows Live\Shared;C:\Program Files (x86)\ATI Technologies\ATI.ACE\Core-Static;C:\Program Files (x86)\AMD\ATI.ACE\Core-Static;XYZZYHOME;C:\WORKS_2\Programs\Git_2.14.1\cmd;C:\Program Files (x86)\OpenMPI_v1.6.1-x64\bin;C:\WORKS_2\Programs\putty_0.70\;C:\Program Files (x86)\Pico Technology\PicoScope6\;C:\WORKS_2\Programs\Ruby24-x64\bin;C:\Program Files\Microsoft VS Code\bin;C:\Program Files\Docker Toolbox;C:\WORKS_2\Programs\panda3d\Panda3D-1.10.9-x64\python;C:\WORKS_2\Programs\panda3d\Panda3D-1.10.9-x64\python\Scripts;C:\WORKS_2\Programs\panda3d\Panda3D-1.10.9-x64\bin;C:\WORKS_2;;C:\WORKS_2\batches;;C:\WORKS_2\Programs\sakura;;;C:\WORKS_2\Utils\commands;;"C:\WORKS_2\Programs\Git_2.14.1\bin";;C:\WORKS_2\Programs\sqlite-tools-win32-x86-3140200;;C:\xampp_5.6\php;;C:\WORKS_2\Programs\Ruby24-x64\bin;;C:\mingw-w64\x86_64-6.2.0-posix-seh-rt_v5-rev1\mingw64\bin;;;C:\Program Files\Java\jre1.8.0_211\bin
USERNAME=iwabuchiken
OS=Windows_NT
PROCESSOR_IDENTIFIER=AMD64 Family 21 Model 19 Stepping 1, AuthenticAMD



---------------  S Y S T E M  ---------------

OS: Windows 7 , 64 bit Build 7601 (6.1.7601.24545)

CPU:total 2 (initial active 2) (2 cores per cpu, 1 threads per core) family 21 model 19 stepping 1, cmov, cx8, fxsr, mmx, sse, sse2, sse3, ssse3, sse4.1, sse4.2, popcnt, avx, aes, clmul, mmxext, 3dnowpref, lzcnt, sse4a, tsc, tscinvbit, tscinv, bmi1

Memory: 4k page, physical 3347808k(269364k free), swap 13389332k(3516k free)

vm_info: Java HotSpot(TM) 64-Bit Server VM (25.211-b12) for windows-amd64 JRE (1.8.0_211-b12), built on Apr  1 2019 20:53:26 by "java_re" with MS VC++ 10.0 (VS2010)

time: Thu Jun 23 15:45:38 2022
timezone: ìåãû (ïWèÄéû)
elapsed time: 569 seconds (0d 0h 9m 29s)

